+ ld obj/kern/kernel
+ mk obj/kern/kernel.img
Could not open option rom 'sgabios.bin': No such file or directory
6828 decimal is 15254 octal!
Physical memory: 66556K available, base = 640K, extended = 65532K
Request 1
Request 33
Request 24
check_page_free_list() succeeded!
check_page_alloc() succeeded!
f0181000 3ff000 3ff000
3003000 3fd000
check_page() succeeded!
check_kern_pgdir() succeeded!
check_page_free_list() succeeded!
check_page_installed_pgdir() succeeded!
[00000000] new env 00001000
Incoming TRAP frame at 0xefffffbc
SYSTEM CALL!
SYS_getenvid
Incoming TRAP frame at 0xefffffbc
SYSTEM CALL!
SYS_cputs
Check for user memory!

user_mem_check fail va: f010000c, len: 64
[00001000] user_mem_check assertion failure for va f010000c
[00001000] free env 00001000
Destroyed the only environment - nothing more to do!
Welcome to the JOS kernel monitor!
Type 'help' for a list of commands.
Welcome to the JOS kernel monitor!
Type 'help' for a list of commands.

QEMU: Terminated via GDBstub
